SF:lib/linear_algebra/vector.dart
DA:8,2
DA:9,0
DA:10,1
DA:11,5
DA:13,2
DA:14,4
DA:17,2
DA:18,2
DA:19,8
DA:20,8
DA:23,2
DA:24,2
DA:25,2
DA:27,6
DA:30,0
DA:31,0
DA:32,0
DA:33,0
DA:36,1
DA:37,5
DA:39,5
DA:40,3
DA:41,1
DA:42,1
DA:44,2
DA:45,10
DA:47,10
DA:48,6
DA:49,2
DA:50,2
DA:53,2
DA:54,6
DA:55,2
DA:56,2
DA:57,2
DA:60,1
DA:61,3
DA:62,1
DA:63,1
DA:64,1
DA:72,4
DA:75,4
DA:76,4
DA:77,4
DA:78,8
DA:79,12
LF:46
LH:41
end_of_record
SF:lib/quantum/bank.dart
DA:28,3
DA:30,3
DA:31,9
DA:39,6
DA:41,3
DA:42,3
DA:43,6
DA:46,3
DA:51,3
DA:52,6
DA:53,3
DA:54,6
DA:56,6
DA:57,6
DA:58,6
DA:59,6
DA:60,6
DA:62,9
DA:63,9
DA:64,9
DA:66,6
DA:69,1
DA:70,5
DA:71,2
DA:72,1
DA:73,7
DA:74,1
DA:75,0
DA:77,1
DA:80,2
DA:81,1
DA:84,0
DA:95,3
DA:96,6
DA:97,3
DA:98,0
DA:99,0
DA:100,0
DA:101,0
DA:105,3
DA:107,9
DA:109,9
DA:110,6
DA:111,3
DA:112,9
DA:113,15
DA:114,3
DA:115,9
DA:116,6
DA:117,9
DA:118,15
DA:119,3
DA:120,9
DA:121,9
DA:126,1
DA:127,4
DA:133,1
DA:134,3
DA:135,2
DA:137,2
DA:138,2
DA:139,4
DA:141,1
DA:142,2
DA:144,1
DA:145,1
DA:147,4
DA:148,4
DA:150,1
DA:152,1
DA:153,1
DA:154,3
DA:157,1
DA:158,3
DA:163,1
DA:164,2
DA:165,2
DA:167,6
DA:168,0
DA:172,1
DA:173,2
DA:174,2
DA:176,7
DA:177,0
DA:178,1
DA:181,3
DA:186,3
DA:187,2
DA:188,3
DA:189,3
DA:190,2
DA:192,4
DA:193,5
DA:194,3
DA:195,1
DA:196,2
DA:197,0
DA:198,0
DA:199,0
DA:201,0
DA:203,0
DA:204,2
DA:205,2
DA:206,1
DA:207,2
DA:208,2
DA:210,1
DA:216,3
DA:218,12
DA:219,12
DA:220,9
DA:221,3
DA:224,2
DA:225,6
DA:226,10
DA:227,4
DA:228,2
DA:231,0
DA:233,0
DA:234,0
DA:281,3
DA:282,9
DA:283,9
DA:285,15
DA:286,15
DA:287,6
DA:288,6
DA:290,3
DA:291,3
DA:292,0
DA:294,3
DA:295,9
DA:300,6
DA:302,0
DA:304,0
DA:307,0
DA:308,0
DA:311,1
DA:312,1
DA:315,6
DA:321,3
DA:322,6
DA:332,1
DA:336,5
DA:337,0
DA:338,5
DA:339,0
DA:340,4
DA:341,2
DA:342,2
DA:343,3
DA:345,4
DA:346,2
DA:347,2
DA:348,3
DA:350,4
DA:351,2
DA:352,2
DA:353,3
DA:358,12
DA:359,18
DA:360,21
DA:361,42
DA:362,0
DA:363,3
DA:364,1
DA:365,1
DA:366,3
DA:367,3
DA:372,3
DA:373,3
DA:374,1
DA:375,1
DA:376,2
DA:377,2
DA:383,3
DA:384,1
DA:385,1
DA:386,10
DA:387,10
DA:392,3
DA:393,1
DA:394,1
DA:395,9
DA:396,9
DA:401,3
DA:402,1
DA:403,1
DA:404,9
DA:405,9
DA:411,6
DA:414,7
DA:415,3
DA:416,3
LF:194
LH:170
end_of_record
