SF:lib/linear_algebra/vector.dart
DA:8,2
DA:9,0
DA:10,1
DA:11,5
DA:13,2
DA:14,4
DA:17,2
DA:18,2
DA:19,8
DA:20,8
DA:23,2
DA:24,2
DA:25,2
DA:27,6
DA:30,0
DA:31,0
DA:32,0
DA:33,0
DA:36,1
DA:37,5
DA:39,5
DA:40,3
DA:41,1
DA:42,1
DA:44,2
DA:45,10
DA:47,10
DA:48,6
DA:49,2
DA:50,2
DA:53,2
DA:54,6
DA:55,2
DA:56,2
DA:57,2
DA:60,1
DA:61,3
DA:62,1
DA:63,1
DA:64,1
DA:72,4
DA:76,6
DA:79,4
DA:80,4
DA:81,4
DA:82,8
DA:83,12
LF:47
LH:42
end_of_record
SF:lib/quantum/bank.dart
DA:31,3
DA:33,3
DA:34,9
DA:42,6
DA:44,3
DA:45,3
DA:46,6
DA:49,3
DA:54,3
DA:55,6
DA:56,3
DA:57,6
DA:59,6
DA:60,6
DA:61,6
DA:62,6
DA:63,6
DA:65,9
DA:66,9
DA:67,9
DA:69,6
DA:72,1
DA:73,5
DA:74,2
DA:75,1
DA:76,7
DA:77,1
DA:78,0
DA:80,1
DA:83,2
DA:84,1
DA:87,0
DA:98,3
DA:99,6
DA:100,3
DA:101,0
DA:102,0
DA:103,0
DA:104,0
DA:108,3
DA:110,9
DA:112,9
DA:113,6
DA:114,3
DA:115,9
DA:116,15
DA:117,3
DA:118,9
DA:119,6
DA:120,9
DA:121,15
DA:122,3
DA:123,9
DA:124,9
DA:129,1
DA:130,4
DA:136,1
DA:137,3
DA:138,2
DA:140,2
DA:141,2
DA:142,4
DA:144,1
DA:145,2
DA:147,1
DA:148,1
DA:150,4
DA:151,4
DA:153,1
DA:155,1
DA:156,1
DA:157,3
DA:160,1
DA:161,3
DA:166,1
DA:167,2
DA:168,2
DA:170,6
DA:171,0
DA:175,1
DA:176,2
DA:177,2
DA:179,7
DA:180,0
DA:181,1
DA:184,3
DA:189,3
DA:190,2
DA:191,3
DA:192,3
DA:193,2
DA:195,4
DA:196,5
DA:197,3
DA:198,1
DA:199,2
DA:200,0
DA:201,0
DA:202,0
DA:204,0
DA:206,0
DA:207,2
DA:208,2
DA:209,1
DA:210,2
DA:211,2
DA:213,1
DA:219,3
DA:221,12
DA:222,12
DA:223,9
DA:224,3
DA:227,2
DA:228,6
DA:229,10
DA:230,4
DA:231,2
DA:234,0
DA:236,0
DA:237,0
DA:284,3
DA:285,9
DA:286,9
DA:288,15
DA:289,15
DA:290,6
DA:291,6
DA:293,3
DA:294,3
DA:295,0
DA:297,3
DA:298,9
DA:303,6
DA:305,0
DA:307,0
DA:310,0
DA:311,0
DA:314,1
DA:315,1
DA:318,6
DA:324,3
DA:325,6
LF:142
LH:121
end_of_record
SF:lib/quantum/measurable_operator.dart
DA:10,1
DA:11,2
DA:18,1
DA:22,5
DA:23,0
DA:24,5
DA:25,0
DA:26,4
DA:27,2
DA:28,2
DA:29,3
DA:31,4
DA:32,2
DA:33,2
DA:34,3
DA:36,4
DA:37,2
DA:38,2
DA:39,3
DA:42,7
DA:43,3
DA:44,3
LF:22
LH:20
end_of_record
SF:lib/quantum/operators.dart
DA:6,0
DA:12,12
DA:13,18
DA:14,21
DA:15,42
DA:16,0
DA:17,0
DA:26,3
DA:27,3
DA:28,1
DA:29,1
DA:30,2
DA:31,2
DA:37,3
DA:38,1
DA:39,1
DA:40,10
DA:41,10
DA:46,3
DA:47,1
DA:48,1
DA:49,9
DA:50,9
DA:55,3
DA:56,1
DA:57,1
DA:58,9
DA:59,9
LF:28
LH:25
end_of_record
